[www.zoe-vn.com/collections/all.html]
[backblue.gif]
[fade.gif]
[index.html]
[theme.hstatic.net/1000271846/1001087843/14/favicon1147.png]
[theme.hstatic.net/1000271846/1001087843/14/htb_img_11147.jpg]
[theme.hstatic.net/1000271846/1001087843/14/htb_img_21147.jpg]
[theme.hstatic.net/1000271846/1001087843/14/scripts1147.js]
[theme.hstatic.net/1000271846/1001087843/14/home_slider_image_11147.jpg]
[theme.hstatic.net/1000271846/1001087843/14/plugins1147.js]
[theme.hstatic.net/1000271846/1001087843/14/home_slider_image_21147.jpg]
[theme.hstatic.net/1000271846/1001087843/14/custom-styles.scss1147.css]
[theme.hstatic.net/1000271846/1001087843/14/share_fb_home1147.png]
[stats.hstatic.net/beacon.min.js]
[www.google-analytics.com/analytics.js]
[connect.facebook.net/en_US/fbevents.js]
[hstatic.net/0/0/global/api.jquery.js]
[theme.hstatic.net/1000271846/1001087843/14/jquery.cookie1147.js]
[app.haraloyalty.com/api/assets/webpopupbd0f.js]
[theme.hstatic.net/1000271846/1001087843/14/logo1147.png]
[www.zoe-vn.com/collections/best-seller.html]
[www.zoe-vn.com/collections/vai-linen.html]
[hstatic.net/0/0/global/option_selection.js]
[www.zoe-vn.com/collections/chat-lieu-da.html]
[www.zoe-vn.com/collections/vai-canvas.html]
[www.zoe-vn.com/collections/mule-1.html]
[www.zoe-vn.com/collections/sponge-monogram.html]
[www.zoe-vn.com/collections/zebra-high-zoe.html]
[www.zoe-vn.com/collections/ao-croptop-zoe.html]
[www.zoe-vn.com/collections/ao-t-shirts-zoe.html]
[www.zoe-vn.com/collections/quan-shorts.html]
[www.zoe-vn.com/collections/phu-kien.html]
[www.zoe-vn.com/collections/new-designs.html]
[www.zoe-vn.com/collections/zoe-summer-collection-2023.html]
[www.zoe-vn.com/collections/giay-theu.html]
[theme.hstatic.net/1000271846/1001087843/14/1x11147.jpg]
[theme.hstatic.net/1000271846/1001087843/14/mb_collection_banner1147.jpg]
[theme.hstatic.net/1000271846/1001087843/14/collection_banner1147.jpg]
[www.zoe-vn.com/collections/back-to-school-1.html]
[www.zoe-vn.com/collections/filter=]
[product.hstatic.net/1000271846/product/01_ca621a7fa32e4029b8b5ba6850ec2782_medium.png]
[product.hstatic.net/1000271846/product/01_ca621a7fa32e4029b8b5ba6850ec2782_large.png]
[product.hstatic.net/1000271846/product/01_ca621a7fa32e4029b8b5ba6850ec2782_grande.png]
[product.hstatic.net/1000271846/product/02_7182cff4c4cb443bbfc10692e733f267_medium.jpg]
[product.hstatic.net/1000271846/product/02_7182cff4c4cb443bbfc10692e733f267_large.jpg]
[product.hstatic.net/1000271846/product/02_7182cff4c4cb443bbfc10692e733f267_grande.jpg]
[product.hstatic.net/1000271846/product/01_50aa91fe017545a3bb7c939d3bcdd3cc_medium.jpg]
[product.hstatic.net/1000271846/product/01_50aa91fe017545a3bb7c939d3bcdd3cc_large.jpg]
[product.hstatic.net/1000271846/product/01_50aa91fe017545a3bb7c939d3bcdd3cc_grande.jpg]
[product.hstatic.net/1000271846/product/02_11f6fd7e6d5d44b5b72020eb3484367f_medium.jpg]
[product.hstatic.net/1000271846/product/02_11f6fd7e6d5d44b5b72020eb3484367f_large.jpg]
[product.hstatic.net/1000271846/product/02_11f6fd7e6d5d44b5b72020eb3484367f_grande.jpg]
[product.hstatic.net/1000271846/product/01_75e8d2caf6b24c07829698b02d1f7a74_medium.png]
[product.hstatic.net/1000271846/product/01_75e8d2caf6b24c07829698b02d1f7a74_large.png]
[product.hstatic.net/1000271846/product/01_75e8d2caf6b24c07829698b02d1f7a74_grande.png]
[product.hstatic.net/1000271846/product/02_aeccaeba6197484ea8f343a8f4e27964_medium.jpg]
[product.hstatic.net/1000271846/product/02_aeccaeba6197484ea8f343a8f4e27964_large.jpg]
[product.hstatic.net/1000271846/product/02_aeccaeba6197484ea8f343a8f4e27964_grande.jpg]
[product.hstatic.net/1000271846/product/01_79e0738f02bb4a7fbf3aa36354c20afa_medium.png]
[product.hstatic.net/1000271846/product/01_79e0738f02bb4a7fbf3aa36354c20afa_large.png]
[product.hstatic.net/1000271846/product/01_79e0738f02bb4a7fbf3aa36354c20afa_grande.png]
[product.hstatic.net/1000271846/product/02_1f83556e1f1a46b78a0c4a541cc3f974_medium.jpg]
[product.hstatic.net/1000271846/product/02_1f83556e1f1a46b78a0c4a541cc3f974_large.jpg]
[product.hstatic.net/1000271846/product/02_1f83556e1f1a46b78a0c4a541cc3f974_grande.jpg]
[product.hstatic.net/1000271846/product/01_aa21ae3914fc4f4dbdb0a3b34e26a14d_medium.png]
[product.hstatic.net/1000271846/product/01_aa21ae3914fc4f4dbdb0a3b34e26a14d_large.png]
[product.hstatic.net/1000271846/product/01_aa21ae3914fc4f4dbdb0a3b34e26a14d_grande.png]
[product.hstatic.net/1000271846/product/02_7fe9151fa3af4135923866b8cc289530_medium.jpg]
[product.hstatic.net/1000271846/product/02_7fe9151fa3af4135923866b8cc289530_large.jpg]
[product.hstatic.net/1000271846/product/02_7fe9151fa3af4135923866b8cc289530_grande.jpg]
[product.hstatic.net/1000271846/product/01_6c25dc81d6c6455486ee446d346d5860_medium.jpg]
[product.hstatic.net/1000271846/product/01_6c25dc81d6c6455486ee446d346d5860_large.jpg]
[product.hstatic.net/1000271846/product/01_6c25dc81d6c6455486ee446d346d5860_grande.jpg]
[product.hstatic.net/1000271846/product/02_e0093e2a8fc14130a97249deed58ab43_medium.jpg]
[product.hstatic.net/1000271846/product/02_e0093e2a8fc14130a97249deed58ab43_large.jpg]
[product.hstatic.net/1000271846/product/02_e0093e2a8fc14130a97249deed58ab43_grande.jpg]
[product.hstatic.net/1000271846/product/01_01b8aa60523745859a836b0e604f1fe2_medium.jpg]
[product.hstatic.net/1000271846/product/01_01b8aa60523745859a836b0e604f1fe2_large.jpg]
[product.hstatic.net/1000271846/product/01_01b8aa60523745859a836b0e604f1fe2_grande.jpg]
[product.hstatic.net/1000271846/product/02_0187d9ddc0a84ecf84f08e25f505e02f_medium.jpg]
[product.hstatic.net/1000271846/product/02_0187d9ddc0a84ecf84f08e25f505e02f_large.jpg]
[product.hstatic.net/1000271846/product/02_0187d9ddc0a84ecf84f08e25f505e02f_grande.jpg]
[product.hstatic.net/1000271846/product/z4692401466902_3c305206b327761f12261185be210b53_8610729cabf44d6683f6cd6b0625b4b6_medium.jpg]
[product.hstatic.net/1000271846/product/z4692401466902_3c305206b327761f12261185be210b53_8610729cabf44d6683f6cd6b0625b4b6_large.jpg]
[product.hstatic.net/1000271846/product/z4692401466902_3c305206b327761f12261185be210b53_8610729cabf44d6683f6cd6b0625b4b6_grande.jpg]
[product.hstatic.net/1000271846/product/z4692401502652_e533b8d0ace59bca063ef07fb47b5742_d228e4fc262e47db89c917aedf4b48fd_medium.jpg]
[product.hstatic.net/1000271846/product/z4692401502652_e533b8d0ace59bca063ef07fb47b5742_d228e4fc262e47db89c917aedf4b48fd_large.jpg]
[product.hstatic.net/1000271846/product/z4692401502652_e533b8d0ace59bca063ef07fb47b5742_d228e4fc262e47db89c917aedf4b48fd_grande.jpg]
[product.hstatic.net/1000271846/product/tote-navy-01_840662c008a041749ecc17cd5692425c_medium.jpg]
[product.hstatic.net/1000271846/product/tote-navy-01_840662c008a041749ecc17cd5692425c_large.jpg]
[product.hstatic.net/1000271846/product/tote-navy-01_840662c008a041749ecc17cd5692425c_grande.jpg]
[product.hstatic.net/1000271846/product/tote-navy-02_ef20218df0d348609df1fe488219e1c0_medium.jpg]
[product.hstatic.net/1000271846/product/tote-navy-02_ef20218df0d348609df1fe488219e1c0_large.jpg]
[product.hstatic.net/1000271846/product/tote-navy-02_ef20218df0d348609df1fe488219e1c0_grande.jpg]
[product.hstatic.net/1000271846/product/tote-beige-01_ee321b8534df4b0eb14daacea1e797ea_medium.jpg]
[product.hstatic.net/1000271846/product/tote-beige-01_ee321b8534df4b0eb14daacea1e797ea_large.jpg]
[product.hstatic.net/1000271846/product/tote-beige-01_ee321b8534df4b0eb14daacea1e797ea_grande.jpg]
[product.hstatic.net/1000271846/product/tote-beige-02_a9f7f87407f54e1584007f362997d10d_medium.jpg]
[product.hstatic.net/1000271846/product/tote-beige-02_a9f7f87407f54e1584007f362997d10d_large.jpg]
[product.hstatic.net/1000271846/product/tote-beige-02_a9f7f87407f54e1584007f362997d10d_grande.jpg]
[product.hstatic.net/1000271846/product/ueh-01_dc3729acdc624cbd82628a1bd9d030ba_medium.jpg]
[product.hstatic.net/1000271846/product/ueh-01_dc3729acdc624cbd82628a1bd9d030ba_large.jpg]
[product.hstatic.net/1000271846/product/ueh-01_dc3729acdc624cbd82628a1bd9d030ba_grande.jpg]
[product.hstatic.net/1000271846/product/ueh-02_bdbe6089feb0426eae952e0e7e2ff961_medium.jpg]
[product.hstatic.net/1000271846/product/ueh-02_bdbe6089feb0426eae952e0e7e2ff961_large.jpg]
[product.hstatic.net/1000271846/product/ueh-02_bdbe6089feb0426eae952e0e7e2ff961_grande.jpg]
[product.hstatic.net/1000271846/product/01_12f389a63fad432b98737eda5f809e3b_medium.jpg]
[product.hstatic.net/1000271846/product/01_12f389a63fad432b98737eda5f809e3b_large.jpg]
[product.hstatic.net/1000271846/product/01_12f389a63fad432b98737eda5f809e3b_grande.jpg]
[product.hstatic.net/1000271846/product/02_18bab5f1068048028a71f2d62c481459_medium.jpg]
[product.hstatic.net/1000271846/product/02_18bab5f1068048028a71f2d62c481459_large.jpg]
[product.hstatic.net/1000271846/product/02_18bab5f1068048028a71f2d62c481459_grande.jpg]
[www.zoe-vn.com/collections/all4658.html]
[www.zoe-vn.com/collections/all9ba9.html]
[www.zoe-vn.com/collections/allaf4d.html]
[theme.hstatic.net/1000271846/1001087843/14/footer_payment_img1147.png]
[file.hstatic.net/1000271846/file/dathongbao_ba0f752e987b4d85baf1a9045870afcd.png]
[hstatic.net/0/0/global/noDefaultImage6_large.gif]
[www.google.com/recaptcha/api4d7a.js]
[theme.hstatic.net/1000271846/1001087843/14/iconweb-hotline1147.png]
[theme.hstatic.net/1000271846/1001087843/14/icon_hotline1147.png]
[www.zoe-vn.com/collections/all.html]
[theme.hstatic.net/1000271846/1001087843/14/pn-regular2.ttf]
[theme.hstatic.net/1000271846/1001087843/14/pn_semibold_gdi.ttf]
[theme.hstatic.net/1000271846/1001087843/14/pic-searchf38f.png]
[theme.hstatic.net/1000271846/1001087843/14/sold_outf38f.png]
[theme.hstatic.net/1000271846/1001087843/14/iconsearchf38f.png]
[hstatic.net/0/0/global/design/theme-default/userico.png]
[hstatic.net/0/0/global/design/theme-default/email.png]
[hstatic.net/0/0/global/design/theme-default/pass.png]
[file.hstatic.net/1000308580/file/icon-gifbox_21127e78739a40a28f058e5e123d41b1.png]
[theme.hstatic.net/1000271846/1001087843/14/popup_bgf38f.png]
[theme.hstatic.net/1000271846/1001087843/14/custom-styles.scss1147.css]
[www.zoe-vn.com/collections/a.84.delayed]
[www.zoe-vn.com/collections/POST]
[www.zoe-vn.com/collections/schema.org/index.html]
[www.zoe-vn.com/collections/b.86.delayed]
[connect.facebook.net/en_US/fbevents.js]
[www.zoe-vn.com/collections/owl.video.play.html]
[www.googletagmanager.com/gtm5445.html]
[file.hstatic.net/1000271846/collection/bao-09511_7bbaa6a020614a98af807edbae895817.jpg]
[product.hstatic.net/1000271846/product/white-01_246db1b5e61e4c6eb6cbb683b3de9e0f_medium.png]
[product.hstatic.net/1000271846/product/white-01_246db1b5e61e4c6eb6cbb683b3de9e0f_large.png]
[product.hstatic.net/1000271846/product/white-01_246db1b5e61e4c6eb6cbb683b3de9e0f_grande.png]
[product.hstatic.net/1000271846/product/white-03_aa09424854b34fdb9fe2829169ffe33f_medium.png]
[product.hstatic.net/1000271846/product/white-03_aa09424854b34fdb9fe2829169ffe33f_large.png]
[product.hstatic.net/1000271846/product/white-03_aa09424854b34fdb9fe2829169ffe33f_grande.png]
[product.hstatic.net/1000271846/product/01_bcf66b5e079842b18e1e8a96eaf3036c_medium.png]
[product.hstatic.net/1000271846/product/01_bcf66b5e079842b18e1e8a96eaf3036c_large.png]
[product.hstatic.net/1000271846/product/01_bcf66b5e079842b18e1e8a96eaf3036c_grande.png]
[product.hstatic.net/1000271846/product/02_e8f127890b104df3b358a2c06392eb5a_medium.png]
[product.hstatic.net/1000271846/product/02_e8f127890b104df3b358a2c06392eb5a_large.png]
[product.hstatic.net/1000271846/product/02_e8f127890b104df3b358a2c06392eb5a_grande.png]
[product.hstatic.net/1000271846/product/hooknloop-01_cbd5006ab4b64b1186bc974a51dad085_medium.png]
[product.hstatic.net/1000271846/product/hooknloop-01_cbd5006ab4b64b1186bc974a51dad085_large.png]
[product.hstatic.net/1000271846/product/hooknloop-01_cbd5006ab4b64b1186bc974a51dad085_grande.png]
[product.hstatic.net/1000271846/product/hooknloop-02_d5582bb4ac7e4c3da284092c2451ef01_medium.png]
[product.hstatic.net/1000271846/product/hooknloop-02_d5582bb4ac7e4c3da284092c2451ef01_large.png]
[product.hstatic.net/1000271846/product/hooknloop-02_d5582bb4ac7e4c3da284092c2451ef01_grande.png]
[product.hstatic.net/1000271846/product/mule-black-01_86ac006c2e634a51a0174cc8da48e5ca_medium.png]
[product.hstatic.net/1000271846/product/mule-black-01_86ac006c2e634a51a0174cc8da48e5ca_large.png]
[product.hstatic.net/1000271846/product/mule-black-01_86ac006c2e634a51a0174cc8da48e5ca_grande.png]
[product.hstatic.net/1000271846/product/mule-black-02_203acf0c9a1d4578893db1ae22515f06_medium.png]
[product.hstatic.net/1000271846/product/mule-black-02_203acf0c9a1d4578893db1ae22515f06_large.png]
[product.hstatic.net/1000271846/product/mule-black-02_203acf0c9a1d4578893db1ae22515f06_grande.png]
[product.hstatic.net/1000271846/product/lowtop-black-01_cd4bfde5ee574e459b152b539d046fa2_medium.png]
[product.hstatic.net/1000271846/product/lowtop-black-01_cd4bfde5ee574e459b152b539d046fa2_large.png]
[product.hstatic.net/1000271846/product/lowtop-black-01_cd4bfde5ee574e459b152b539d046fa2_grande.png]
[product.hstatic.net/1000271846/product/lowtop-black-02_e3a929b877154da6b8902ffe74375991_medium.png]
[product.hstatic.net/1000271846/product/lowtop-black-02_e3a929b877154da6b8902ffe74375991_large.png]
[product.hstatic.net/1000271846/product/lowtop-black-02_e3a929b877154da6b8902ffe74375991_grande.png]
[product.hstatic.net/1000271846/product/mf-brown-01_9090d3daaf5845eba65b5df3e483d236_medium.png]
[product.hstatic.net/1000271846/product/mf-brown-01_9090d3daaf5845eba65b5df3e483d236_large.png]
[product.hstatic.net/1000271846/product/mf-brown-01_9090d3daaf5845eba65b5df3e483d236_grande.png]
[product.hstatic.net/1000271846/product/mf-brown-02_7511a0982ab94339bdb788487192958c_medium.png]
[product.hstatic.net/1000271846/product/mf-brown-02_7511a0982ab94339bdb788487192958c_large.png]
[product.hstatic.net/1000271846/product/mf-brown-02_7511a0982ab94339bdb788487192958c_grande.png]
[product.hstatic.net/1000271846/product/pants-beige-01_fcff1444268b47ffacc171b2748dbe5a_medium.jpg]
[product.hstatic.net/1000271846/product/pants-beige-01_fcff1444268b47ffacc171b2748dbe5a_large.jpg]
[product.hstatic.net/1000271846/product/pants-beige-01_fcff1444268b47ffacc171b2748dbe5a_grande.jpg]
[product.hstatic.net/1000271846/product/33ca6b26b7b067ee3ea1_1272af11b6c2407c8e6970d9b80bcd52_medium.jpg]
[product.hstatic.net/1000271846/product/33ca6b26b7b067ee3ea1_1272af11b6c2407c8e6970d9b80bcd52_large.jpg]
[product.hstatic.net/1000271846/product/33ca6b26b7b067ee3ea1_1272af11b6c2407c8e6970d9b80bcd52_grande.jpg]
[product.hstatic.net/1000271846/product/bra-pink-01_bd0325dd4b3a413c84cbdcb39b1467ef_medium.jpg]
[product.hstatic.net/1000271846/product/bra-pink-01_bd0325dd4b3a413c84cbdcb39b1467ef_large.jpg]
[product.hstatic.net/1000271846/product/bra-pink-01_bd0325dd4b3a413c84cbdcb39b1467ef_grande.jpg]
[product.hstatic.net/1000271846/product/20230613_123200_04fe4a3c173244a6b209d59562e3c9f0_medium.jpg]
[product.hstatic.net/1000271846/product/20230613_123200_04fe4a3c173244a6b209d59562e3c9f0_large.jpg]
[product.hstatic.net/1000271846/product/20230613_123200_04fe4a3c173244a6b209d59562e3c9f0_grande.jpg]
[www.zoe-vn.com/collections/best-seller.html]
[file.hstatic.net/1000271846/collection/01_a67ef7ff935443d88d4d9cda2cb64a73.png]
[product.hstatic.net/1000271846/product/lowtop-beige-01_68c9b81e2ca344a798b357af77519af4_medium.png]
[product.hstatic.net/1000271846/product/lowtop-beige-01_68c9b81e2ca344a798b357af77519af4_large.png]
[product.hstatic.net/1000271846/product/lowtop-beige-01_68c9b81e2ca344a798b357af77519af4_grande.png]
[product.hstatic.net/1000271846/product/lowtop-beige-02_dee854cd76ca475a83a29097a5ced108_medium.png]
[product.hstatic.net/1000271846/product/lowtop-beige-02_dee854cd76ca475a83a29097a5ced108_large.png]
[product.hstatic.net/1000271846/product/lowtop-beige-02_dee854cd76ca475a83a29097a5ced108_grande.png]
[product.hstatic.net/1000271846/product/mule-beige-01_1bb3fae173134a71b2dd8ee6fc830758_medium.png]
[product.hstatic.net/1000271846/product/mule-beige-01_1bb3fae173134a71b2dd8ee6fc830758_large.png]
[product.hstatic.net/1000271846/product/mule-beige-01_1bb3fae173134a71b2dd8ee6fc830758_grande.png]
[product.hstatic.net/1000271846/product/mule-beige-02_c2399beb8d05464c970909072f5224e1_medium.png]
[product.hstatic.net/1000271846/product/mule-beige-02_c2399beb8d05464c970909072f5224e1_large.png]
[product.hstatic.net/1000271846/product/mule-beige-02_c2399beb8d05464c970909072f5224e1_grande.png]
[product.hstatic.net/1000271846/product/lowtop-brown-01_123c143ab40440e6a5c5b678d166fd57_medium.png]
[product.hstatic.net/1000271846/product/lowtop-brown-01_123c143ab40440e6a5c5b678d166fd57_large.png]
[product.hstatic.net/1000271846/product/lowtop-brown-01_123c143ab40440e6a5c5b678d166fd57_grande.png]
[product.hstatic.net/1000271846/product/lowtop-brown-02_b177b1d3ab5d4b06ada9f80c22267147_medium.png]
[product.hstatic.net/1000271846/product/lowtop-brown-02_b177b1d3ab5d4b06ada9f80c22267147_large.png]
[product.hstatic.net/1000271846/product/lowtop-brown-02_b177b1d3ab5d4b06ada9f80c22267147_grande.png]
[product.hstatic.net/1000271846/product/mule-brown-01_698b22915c564f768b0d45cd1cf69857_medium.png]
[product.hstatic.net/1000271846/product/mule-brown-01_698b22915c564f768b0d45cd1cf69857_large.png]
[product.hstatic.net/1000271846/product/mule-brown-01_698b22915c564f768b0d45cd1cf69857_grande.png]
[product.hstatic.net/1000271846/product/mule-brown-02_0a26c8682ebe4ba4bb5f9bae7c3593a4_medium.png]
[product.hstatic.net/1000271846/product/mule-brown-02_0a26c8682ebe4ba4bb5f9bae7c3593a4_large.png]
[product.hstatic.net/1000271846/product/mule-brown-02_0a26c8682ebe4ba4bb5f9bae7c3593a4_grande.png]
[product.hstatic.net/1000271846/product/lowtop-green-01_c6c93fc05beb4e40a3390ef0667ccc0f_medium.png]
[product.hstatic.net/1000271846/product/lowtop-green-01_c6c93fc05beb4e40a3390ef0667ccc0f_large.png]
[product.hstatic.net/1000271846/product/lowtop-green-01_c6c93fc05beb4e40a3390ef0667ccc0f_grande.png]
[product.hstatic.net/1000271846/product/lowtop-green-02_2cd9a086c2ef4ebd9947fda337675d22_medium.png]
[product.hstatic.net/1000271846/product/lowtop-green-02_2cd9a086c2ef4ebd9947fda337675d22_large.png]
[product.hstatic.net/1000271846/product/lowtop-green-02_2cd9a086c2ef4ebd9947fda337675d22_grande.png]
[product.hstatic.net/1000271846/product/mule-green-01_125ce136d0474752a2de34c341eb018c_medium.png]
[product.hstatic.net/1000271846/product/mule-green-01_125ce136d0474752a2de34c341eb018c_large.png]
[product.hstatic.net/1000271846/product/mule-green-01_125ce136d0474752a2de34c341eb018c_grande.png]
[product.hstatic.net/1000271846/product/mule-green-02_eede07f7293b482397ec1f3342c1e39d_medium.png]
[product.hstatic.net/1000271846/product/mule-green-02_eede07f7293b482397ec1f3342c1e39d_large.png]
[product.hstatic.net/1000271846/product/mule-green-02_eede07f7293b482397ec1f3342c1e39d_grande.png]
[product.hstatic.net/1000271846/product/lowtop-yellow-01_b140bcfb31444043a18655932cc15c81_medium.png]
[product.hstatic.net/1000271846/product/lowtop-yellow-01_b140bcfb31444043a18655932cc15c81_large.png]
[product.hstatic.net/1000271846/product/lowtop-yellow-01_b140bcfb31444043a18655932cc15c81_grande.png]
[product.hstatic.net/1000271846/product/lowtop-yellow-02_6b0f90aca312424585f1aed66cf74e91_medium.png]
[product.hstatic.net/1000271846/product/lowtop-yellow-02_6b0f90aca312424585f1aed66cf74e91_large.png]
[product.hstatic.net/1000271846/product/lowtop-yellow-02_6b0f90aca312424585f1aed66cf74e91_grande.png]
[product.hstatic.net/1000271846/product/mule-yellow-01_8ba6ab1939024c969fc7b854e7aa40c0_medium.png]
[product.hstatic.net/1000271846/product/mule-yellow-01_8ba6ab1939024c969fc7b854e7aa40c0_large.png]
[product.hstatic.net/1000271846/product/mule-yellow-01_8ba6ab1939024c969fc7b854e7aa40c0_grande.png]
[product.hstatic.net/1000271846/product/mule-yellow-02_07eaedf1f3bc459b8c8bda4cf73f965d_medium.png]
[product.hstatic.net/1000271846/product/mule-yellow-02_07eaedf1f3bc459b8c8bda4cf73f965d_large.png]
[product.hstatic.net/1000271846/product/mule-yellow-02_07eaedf1f3bc459b8c8bda4cf73f965d_grande.png]
[www.zoe-vn.com/collections/vai-linen.html]
[file.hstatic.net/1000271846/collection/96419d920c54d00a8945_a7fd61c5403d47159a9d38b676fdf1db.jpg]
[product.hstatic.net/1000271846/product/1_239e88056ca9450ebe20955159e3b7fa_medium.png]
[product.hstatic.net/1000271846/product/1_239e88056ca9450ebe20955159e3b7fa_large.png]
[product.hstatic.net/1000271846/product/1_239e88056ca9450ebe20955159e3b7fa_grande.png]
[product.hstatic.net/1000271846/product/mf-pink-01_5e63ba3210d74e01a7a904486bdab523_medium.png]
[product.hstatic.net/1000271846/product/mf-pink-01_5e63ba3210d74e01a7a904486bdab523_large.png]
[product.hstatic.net/1000271846/product/mf-pink-01_5e63ba3210d74e01a7a904486bdab523_grande.png]
[product.hstatic.net/1000271846/product/mf-pink-02_4c72cc9339b849f6a1fdc9d08d240741_medium.png]
[product.hstatic.net/1000271846/product/mf-pink-02_4c72cc9339b849f6a1fdc9d08d240741_large.png]
[product.hstatic.net/1000271846/product/mf-pink-02_4c72cc9339b849f6a1fdc9d08d240741_grande.png]
[product.hstatic.net/1000271846/product/mf-green-01_0bca665ed048444d81255b1b688e9316_medium.png]
[product.hstatic.net/1000271846/product/mf-green-01_0bca665ed048444d81255b1b688e9316_large.png]
[product.hstatic.net/1000271846/product/mf-green-01_0bca665ed048444d81255b1b688e9316_grande.png]
[product.hstatic.net/1000271846/product/mf-green-02_2501e14cf72846c2af126e857a335f1a_medium.png]
[product.hstatic.net/1000271846/product/mf-green-02_2501e14cf72846c2af126e857a335f1a_large.png]
[product.hstatic.net/1000271846/product/mf-green-02_2501e14cf72846c2af126e857a335f1a_grande.png]
[product.hstatic.net/1000271846/product/mf-yellow-01_9156c8e306af42108077b2a9e9b8801f_medium.png]
[product.hstatic.net/1000271846/product/mf-yellow-01_9156c8e306af42108077b2a9e9b8801f_large.png]
[product.hstatic.net/1000271846/product/mf-yellow-01_9156c8e306af42108077b2a9e9b8801f_grande.png]
[product.hstatic.net/1000271846/product/mf-yellow-02_e3a4c4f08d5e45b8a0e1a9b12da55f1a_medium.png]
[product.hstatic.net/1000271846/product/mf-yellow-02_e3a4c4f08d5e45b8a0e1a9b12da55f1a_large.png]
[product.hstatic.net/1000271846/product/mf-yellow-02_e3a4c4f08d5e45b8a0e1a9b12da55f1a_grande.png]
[www.zoe-vn.com/collections/chat-lieu-da.html]
[file.hstatic.net/1000271846/collection/bao-09511_3b73d26e4413484b9bb81d2d55220555.jpg]
[product.hstatic.net/1000271846/product/zebra-black-01_6cac955082c649e1acfc75990e68cd0f_medium.png]
[product.hstatic.net/1000271846/product/zebra-black-01_6cac955082c649e1acfc75990e68cd0f_large.png]
[product.hstatic.net/1000271846/product/zebra-black-01_6cac955082c649e1acfc75990e68cd0f_grande.png]
[product.hstatic.net/1000271846/product/zebra-black-02_2a3c9cb5382541f2bc7609083ed3a26f_medium.png]
[product.hstatic.net/1000271846/product/zebra-black-02_2a3c9cb5382541f2bc7609083ed3a26f_large.png]
[product.hstatic.net/1000271846/product/zebra-black-02_2a3c9cb5382541f2bc7609083ed3a26f_grande.png]
[product.hstatic.net/1000271846/product/zebra-brown-01_d762e7988bca482c98b1e9b11bd501c4_medium.png]
[product.hstatic.net/1000271846/product/zebra-brown-01_d762e7988bca482c98b1e9b11bd501c4_large.png]
[product.hstatic.net/1000271846/product/zebra-brown-01_d762e7988bca482c98b1e9b11bd501c4_grande.png]
[product.hstatic.net/1000271846/product/zebra-brown-02_5b14521c57534abcaf76da7bd0a78deb_medium.png]
[product.hstatic.net/1000271846/product/zebra-brown-02_5b14521c57534abcaf76da7bd0a78deb_large.png]
[product.hstatic.net/1000271846/product/zebra-brown-02_5b14521c57534abcaf76da7bd0a78deb_grande.png]
[product.hstatic.net/1000271846/product/zebra-beige-01_1c94b5ea6481493b84e8eecd25084640_medium.png]
[product.hstatic.net/1000271846/product/zebra-beige-01_1c94b5ea6481493b84e8eecd25084640_large.png]
[product.hstatic.net/1000271846/product/zebra-beige-01_1c94b5ea6481493b84e8eecd25084640_grande.png]
[product.hstatic.net/1000271846/product/zebra-beige-02_0756046c4971465887cb0692065febea_medium.png]
[product.hstatic.net/1000271846/product/zebra-beige-02_0756046c4971465887cb0692065febea_large.png]
[product.hstatic.net/1000271846/product/zebra-beige-02_0756046c4971465887cb0692065febea_grande.png]
[product.hstatic.net/1000271846/product/zebra-pink-01_11498557010b4885b4e8402db6a41150_medium.png]
[product.hstatic.net/1000271846/product/zebra-pink-01_11498557010b4885b4e8402db6a41150_large.png]
[product.hstatic.net/1000271846/product/zebra-pink-01_11498557010b4885b4e8402db6a41150_grande.png]
[product.hstatic.net/1000271846/product/zebra-pink-02_d88b7d62b86c469eb6840a4d820212c6_medium.png]
[product.hstatic.net/1000271846/product/zebra-pink-02_d88b7d62b86c469eb6840a4d820212c6_large.png]
[product.hstatic.net/1000271846/product/zebra-pink-02_d88b7d62b86c469eb6840a4d820212c6_grande.png]
[product.hstatic.net/1000271846/product/1c9f8f7e-4963-43ee-b702-c12667d7b56a_7c4d56148e4f4d77829305ee5b6b7efd_medium.png]
[product.hstatic.net/1000271846/product/1c9f8f7e-4963-43ee-b702-c12667d7b56a_7c4d56148e4f4d77829305ee5b6b7efd_large.png]
[product.hstatic.net/1000271846/product/1c9f8f7e-4963-43ee-b702-c12667d7b56a_7c4d56148e4f4d77829305ee5b6b7efd_grande.png]
[product.hstatic.net/1000271846/product/f17c692c-2e13-4419-849b-eba1b0891e40_172e3d8a6f1f4f02a7f96c9c251b5e53_medium.jpg]
[product.hstatic.net/1000271846/product/f17c692c-2e13-4419-849b-eba1b0891e40_172e3d8a6f1f4f02a7f96c9c251b5e53_large.jpg]
[product.hstatic.net/1000271846/product/f17c692c-2e13-4419-849b-eba1b0891e40_172e3d8a6f1f4f02a7f96c9c251b5e53_grande.jpg]
[www.zoe-vn.com/collections/vai-canvas.html]
[file.hstatic.net/1000271846/collection/thenextstep_mule_6205a94fcda944a99a539549ba7c7f0d.jpg]
[www.zoe-vn.com/collections/mule-1.html]
[file.hstatic.net/1000271846/collection/e4bdad576585b6dbef94_faf375a331654325950c05f795b99e54.jpg]
[product.hstatic.net/1000271846/product/01_685d6b0c7f5240b9a723e8f5eb8034ab_medium.jpg]
[product.hstatic.net/1000271846/product/01_685d6b0c7f5240b9a723e8f5eb8034ab_large.jpg]
[product.hstatic.net/1000271846/product/01_685d6b0c7f5240b9a723e8f5eb8034ab_grande.jpg]
[product.hstatic.net/1000271846/product/02_e454afb160ce4c6eb4d6505f744580d2_medium.jpg]
[product.hstatic.net/1000271846/product/02_e454afb160ce4c6eb4d6505f744580d2_large.jpg]
[product.hstatic.net/1000271846/product/02_e454afb160ce4c6eb4d6505f744580d2_grande.jpg]
[product.hstatic.net/1000271846/product/01_72e2edd634bf4bcba76f2d5ef0a524ce_medium.jpg]
[product.hstatic.net/1000271846/product/01_72e2edd634bf4bcba76f2d5ef0a524ce_large.jpg]
[product.hstatic.net/1000271846/product/01_72e2edd634bf4bcba76f2d5ef0a524ce_grande.jpg]
[product.hstatic.net/1000271846/product/02_902f14dfd64c4062a4b89f669e6d4066_medium.jpg]
[product.hstatic.net/1000271846/product/02_902f14dfd64c4062a4b89f669e6d4066_large.jpg]
[product.hstatic.net/1000271846/product/02_902f14dfd64c4062a4b89f669e6d4066_grande.jpg]
[product.hstatic.net/1000271846/product/01_d1d13ad255f6417bb7d96ba7a30dd414_medium.jpg]
[product.hstatic.net/1000271846/product/01_d1d13ad255f6417bb7d96ba7a30dd414_large.jpg]
[product.hstatic.net/1000271846/product/01_d1d13ad255f6417bb7d96ba7a30dd414_grande.jpg]
[product.hstatic.net/1000271846/product/02_f5993e6ced9a4265ad460dd442ff4ced_medium.jpg]
[product.hstatic.net/1000271846/product/02_f5993e6ced9a4265ad460dd442ff4ced_large.jpg]
[product.hstatic.net/1000271846/product/02_f5993e6ced9a4265ad460dd442ff4ced_grande.jpg]
[www.zoe-vn.com/collections/sponge-monogram.html]
[file.hstatic.net/1000271846/collection/e446850f27d3fd8da4c2_6bce1f12d4f546e8af2c780b500a1b2d.jpg]
[www.zoe-vn.com/collections/zebra-high-zoe.html]
[file.hstatic.net/1000271846/collection/ai_lookbook_d7da635bcbf04573a4a2e02d17f66b2e.jpg]
[product.hstatic.net/1000271846/product/bra-black-01_852efa9ef97b4285849a1b1fafff031a_medium.jpg]
[product.hstatic.net/1000271846/product/bra-black-01_852efa9ef97b4285849a1b1fafff031a_large.jpg]
[product.hstatic.net/1000271846/product/bra-black-01_852efa9ef97b4285849a1b1fafff031a_grande.jpg]
[product.hstatic.net/1000271846/product/20230613_110738_4bc1cfc9d918413aab1b8337619dc043_medium.jpg]
[product.hstatic.net/1000271846/product/20230613_110738_4bc1cfc9d918413aab1b8337619dc043_large.jpg]
[product.hstatic.net/1000271846/product/20230613_110738_4bc1cfc9d918413aab1b8337619dc043_grande.jpg]
[product.hstatic.net/1000271846/product/bra-blue-01_81d30917777544c1973cf1e73ecf0fc9_medium.jpg]
[product.hstatic.net/1000271846/product/bra-blue-01_81d30917777544c1973cf1e73ecf0fc9_large.jpg]
[product.hstatic.net/1000271846/product/bra-blue-01_81d30917777544c1973cf1e73ecf0fc9_grande.jpg]
[product.hstatic.net/1000271846/product/20230613_115017_ef54c44e4bf142bfbf5ae72212781acc_medium.jpg]
[product.hstatic.net/1000271846/product/20230613_115017_ef54c44e4bf142bfbf5ae72212781acc_large.jpg]
[product.hstatic.net/1000271846/product/20230613_115017_ef54c44e4bf142bfbf5ae72212781acc_grande.jpg]
[www.zoe-vn.com/collections/ao-croptop-zoe.html]
[file.hstatic.net/1000271846/collection/07_479a9342a20341ed8ef85596af3e9d96.png]
[www.zoe-vn.com/collections/ao-t-shirts-zoe.html]
[file.hstatic.net/1000271846/collection/1dfbd669634cb212eb5d_2d1ff8861eb04bfd916c86834c52e77b.jpg]
[product.hstatic.net/1000271846/product/pants-black-01_c01c2b917d1b445586fa7f8dd8a1295e_medium.jpg]
[product.hstatic.net/1000271846/product/pants-black-01_c01c2b917d1b445586fa7f8dd8a1295e_large.jpg]
[product.hstatic.net/1000271846/product/pants-black-01_c01c2b917d1b445586fa7f8dd8a1295e_grande.jpg]
[product.hstatic.net/1000271846/product/20230613_110738_bd4d4e4e831f496c8a3f76abbcdbeb8a_medium.jpg]
[product.hstatic.net/1000271846/product/20230613_110738_bd4d4e4e831f496c8a3f76abbcdbeb8a_large.jpg]
[product.hstatic.net/1000271846/product/20230613_110738_bd4d4e4e831f496c8a3f76abbcdbeb8a_grande.jpg]
[www.zoe-vn.com/collections/quan-shorts.html]
[file.hstatic.net/1000271846/collection/img_0823_04fba4e23cfb428c9e28a90577763400.png]
[product.hstatic.net/1000271846/product/img_0829_a61cbef98fa142c59c106f91e7747ac7_medium.png]
[product.hstatic.net/1000271846/product/img_0829_a61cbef98fa142c59c106f91e7747ac7_large.png]
[product.hstatic.net/1000271846/product/img_0829_a61cbef98fa142c59c106f91e7747ac7_grande.png]
[product.hstatic.net/1000271846/product/img_0822_7291bdd47e984a018c9a899fc96de373_medium.png]
[product.hstatic.net/1000271846/product/img_0822_7291bdd47e984a018c9a899fc96de373_large.png]
[product.hstatic.net/1000271846/product/img_0822_7291bdd47e984a018c9a899fc96de373_grande.png]
[product.hstatic.net/1000271846/product/img_0828_5b6e03180d084529874cd29fa4cdfd80_medium.png]
[product.hstatic.net/1000271846/product/img_0828_5b6e03180d084529874cd29fa4cdfd80_large.png]
[product.hstatic.net/1000271846/product/img_0828_5b6e03180d084529874cd29fa4cdfd80_grande.png]
[product.hstatic.net/1000271846/product/img_0821_f140da436f7d44b3b1a7a715c2bc23cd_medium.png]
[product.hstatic.net/1000271846/product/img_0821_f140da436f7d44b3b1a7a715c2bc23cd_large.png]
[product.hstatic.net/1000271846/product/img_0821_f140da436f7d44b3b1a7a715c2bc23cd_grande.png]
[product.hstatic.net/1000271846/product/img_0827_fc8c9aecc879419fb9655dc48689f696_medium.png]
[product.hstatic.net/1000271846/product/img_0827_fc8c9aecc879419fb9655dc48689f696_large.png]
[product.hstatic.net/1000271846/product/img_0827_fc8c9aecc879419fb9655dc48689f696_grande.png]
[product.hstatic.net/1000271846/product/img_0820_f175b991a89a4e38a48fdcad141d5e3f_medium.png]
[product.hstatic.net/1000271846/product/img_0820_f175b991a89a4e38a48fdcad141d5e3f_large.png]
[product.hstatic.net/1000271846/product/img_0820_f175b991a89a4e38a48fdcad141d5e3f_grande.png]
[product.hstatic.net/1000271846/product/01_dabe4d9eed5d45d4afff2f9fd3a5e176_medium.jpg]
[product.hstatic.net/1000271846/product/01_dabe4d9eed5d45d4afff2f9fd3a5e176_large.jpg]
[product.hstatic.net/1000271846/product/01_dabe4d9eed5d45d4afff2f9fd3a5e176_grande.jpg]
[product.hstatic.net/1000271846/product/black-02_61d91a0a0aa6483b87ee68986402842e_medium.jpg]
[product.hstatic.net/1000271846/product/black-02_61d91a0a0aa6483b87ee68986402842e_large.jpg]
[product.hstatic.net/1000271846/product/black-02_61d91a0a0aa6483b87ee68986402842e_grande.jpg]
[product.hstatic.net/1000271846/product/04_d7bd42a6bb6643408a9f6a12d7d55dda_medium.jpg]
[product.hstatic.net/1000271846/product/04_d7bd42a6bb6643408a9f6a12d7d55dda_large.jpg]
[product.hstatic.net/1000271846/product/04_d7bd42a6bb6643408a9f6a12d7d55dda_grande.jpg]
[product.hstatic.net/1000271846/product/02_5e06a333cd5b4ba9bb332ed9e82e733c_medium.jpg]
[product.hstatic.net/1000271846/product/02_5e06a333cd5b4ba9bb332ed9e82e733c_large.jpg]
[product.hstatic.net/1000271846/product/02_5e06a333cd5b4ba9bb332ed9e82e733c_grande.jpg]
[product.hstatic.net/1000271846/product/03_ee41ba08d5c44b6ea7a2d8f1249cb1e6_medium.jpg]
[product.hstatic.net/1000271846/product/03_ee41ba08d5c44b6ea7a2d8f1249cb1e6_large.jpg]
[product.hstatic.net/1000271846/product/03_ee41ba08d5c44b6ea7a2d8f1249cb1e6_grande.jpg]
[product.hstatic.net/1000271846/product/w-02_af7713a996fe466ebc3fde5762a0010b_medium.jpg]
[product.hstatic.net/1000271846/product/w-02_af7713a996fe466ebc3fde5762a0010b_large.jpg]
[product.hstatic.net/1000271846/product/w-02_af7713a996fe466ebc3fde5762a0010b_grande.jpg]
[product.hstatic.net/1000271846/product/02_9ea28942111c493a8a2aca001ca13b8c_medium.jpg]
[product.hstatic.net/1000271846/product/02_9ea28942111c493a8a2aca001ca13b8c_large.jpg]
[product.hstatic.net/1000271846/product/02_9ea28942111c493a8a2aca001ca13b8c_grande.jpg]
[product.hstatic.net/1000271846/product/p-02_553a345642d84a8fbff7d0f9d2f6a31b_medium.jpg]
[product.hstatic.net/1000271846/product/p-02_553a345642d84a8fbff7d0f9d2f6a31b_large.jpg]
[product.hstatic.net/1000271846/product/p-02_553a345642d84a8fbff7d0f9d2f6a31b_grande.jpg]
[product.hstatic.net/1000271846/product/img_0824_b1767b1c4fe04ccf990a302d8ca91488_medium.png]
[product.hstatic.net/1000271846/product/img_0824_b1767b1c4fe04ccf990a302d8ca91488_large.png]
[product.hstatic.net/1000271846/product/img_0824_b1767b1c4fe04ccf990a302d8ca91488_grande.png]
[product.hstatic.net/1000271846/product/img_0817_26b2240d3dad428da29a36a801b6fbaf_medium.png]
[product.hstatic.net/1000271846/product/img_0817_26b2240d3dad428da29a36a801b6fbaf_large.png]
[product.hstatic.net/1000271846/product/img_0817_26b2240d3dad428da29a36a801b6fbaf_grande.png]
[product.hstatic.net/1000271846/product/img_0825_f451b63395b34b68b645375c0c2f05f7_medium.png]
[product.hstatic.net/1000271846/product/img_0825_f451b63395b34b68b645375c0c2f05f7_large.png]
[product.hstatic.net/1000271846/product/img_0825_f451b63395b34b68b645375c0c2f05f7_grande.png]
[product.hstatic.net/1000271846/product/img_0818_67f24896a0de48e1b55a224446f18093_medium.png]
[product.hstatic.net/1000271846/product/img_0818_67f24896a0de48e1b55a224446f18093_large.png]
[product.hstatic.net/1000271846/product/img_0818_67f24896a0de48e1b55a224446f18093_grande.png]
[product.hstatic.net/1000271846/product/img_0826_7a7bc9ca23314235b3ec786d466a9386_medium.png]
[product.hstatic.net/1000271846/product/img_0826_7a7bc9ca23314235b3ec786d466a9386_large.png]
[product.hstatic.net/1000271846/product/img_0826_7a7bc9ca23314235b3ec786d466a9386_grande.png]
[product.hstatic.net/1000271846/product/img_0819_06e12627a79e47b482ad2b2d1595abc6_medium.png]
[product.hstatic.net/1000271846/product/img_0819_06e12627a79e47b482ad2b2d1595abc6_large.png]
[product.hstatic.net/1000271846/product/img_0819_06e12627a79e47b482ad2b2d1595abc6_grande.png]
[www.zoe-vn.com/collections/phu-kien.html]
[file.hstatic.net/1000271846/collection/321428625_1209623486625878_5743501437157342342_n_98ad033d694d4615910d0bd1e143b76b.jpg]
[www.zoe-vn.com/collections/new-designs.html]
[file.hstatic.net/1000271846/collection/croptop-shorts_218f5f858d934b95b35c9c674e11ea9d.jpg]
[www.zoe-vn.com/collections/zoe-summer-collection-2023.html]
[file.hstatic.net/1000271846/collection/09_c109d7ec304c472186eafd0052ae0424.png]
[www.zoe-vn.com/collections/giay-theu.html]
[file.hstatic.net/1000271846/collection/bao-09555_1c1c42123dcc4cffa9638514a43eb4b6.jpg]
[www.zoe-vn.com/collections/back-to-school-1.html]
[www.zoe-vn.com/collections/filter=.html]
[product.hstatic.net/1000271846/product/01_79e0738f02bb4a7fbf3aa36354c20afa_medium.png]
[www.zoe-vn.com/collections/all2679.html]
[www.zoe-vn.com/collections/all4658.html]
[product.hstatic.net/1000271846/product/a_82e510a105e545eab08345ec5411c6f9_medium.png]
[www.zoe-vn.com/collections/allfdb0.html]
[product.hstatic.net/1000271846/product/a_82e510a105e545eab08345ec5411c6f9_large.png]
[product.hstatic.net/1000271846/product/a_82e510a105e545eab08345ec5411c6f9_grande.png]
[product.hstatic.net/1000271846/product/b_4c41160b8de4435f9f135399d12c60a0_medium.png]
[product.hstatic.net/1000271846/product/b_4c41160b8de4435f9f135399d12c60a0_large.png]
[product.hstatic.net/1000271846/product/b_4c41160b8de4435f9f135399d12c60a0_grande.png]
[product.hstatic.net/1000271846/product/a_bc07dc06a7d34ad4bd17687444d2a1b1_medium.png]
[product.hstatic.net/1000271846/product/a_bc07dc06a7d34ad4bd17687444d2a1b1_large.png]
[product.hstatic.net/1000271846/product/a_bc07dc06a7d34ad4bd17687444d2a1b1_grande.png]
[product.hstatic.net/1000271846/product/b_320a10c2d06e4c9a8927f04f7eed9d99_medium.png]
[product.hstatic.net/1000271846/product/b_320a10c2d06e4c9a8927f04f7eed9d99_large.png]
[product.hstatic.net/1000271846/product/b_320a10c2d06e4c9a8927f04f7eed9d99_grande.png]
[www.zoe-vn.com/collections/all9ba9.html]
[product.hstatic.net/1000271846/product/b1931f73-3423-4228-92f9-b199d5c77ff1_bc4a9d51fdcb403a856813f593ca0d3e_medium.png]
[product.hstatic.net/1000271846/product/b1931f73-3423-4228-92f9-b199d5c77ff1_bc4a9d51fdcb403a856813f593ca0d3e_large.png]
[product.hstatic.net/1000271846/product/b1931f73-3423-4228-92f9-b199d5c77ff1_bc4a9d51fdcb403a856813f593ca0d3e_grande.png]
[product.hstatic.net/1000271846/product/18ff9ea8-df24-47d7-bf9f-28b3a9032b8f_e8fef3901be74dfe91fe3f9345c9abe2_medium.jpg]
[product.hstatic.net/1000271846/product/18ff9ea8-df24-47d7-bf9f-28b3a9032b8f_e8fef3901be74dfe91fe3f9345c9abe2_large.jpg]
[product.hstatic.net/1000271846/product/18ff9ea8-df24-47d7-bf9f-28b3a9032b8f_e8fef3901be74dfe91fe3f9345c9abe2_grande.jpg]
[www.zoe-vn.com/collections/allaf4d.html]
[theme.hstatic.net/1000271846/1001087843/14/svn-veneerf38f.html]
[www.zoe-vn.com/collections/a.html]
[www.zoe-vn.com/collections/POST.html]
[www.zoe-vn.com/collections/schema.org/index.html]
[www.zoe-vn.com/collections/b.html]
[www.zoe-vn.com/signals/iwl.html]
[product.hstatic.net/1000271846/product/20230613_123200_04fe4a3c173244a6b209d59562e3c9f0_large.jpg]
[product.hstatic.net/1000271846/product/mf-green-01_0bca665ed048444d81255b1b688e9316_grande.png]
[product.hstatic.net/1000271846/product/zebra-pink-02_d88b7d62b86c469eb6840a4d820212c6_medium.png]
[file.hstatic.net/1000271846/collection/07_479a9342a20341ed8ef85596af3e9d96.png]
[www.zoe-vn.com/collections/all2679.html]
[product.hstatic.net/1000271846/product/a_77002d2f09434252962a306ad887b468_medium.png]
[product.hstatic.net/1000271846/product/a_77002d2f09434252962a306ad887b468_large.png]
[product.hstatic.net/1000271846/product/a_77002d2f09434252962a306ad887b468_grande.png]
[product.hstatic.net/1000271846/product/b_af29430110a9479f8fb11f7286e022a4_medium.png]
[product.hstatic.net/1000271846/product/b_af29430110a9479f8fb11f7286e022a4_large.png]
[product.hstatic.net/1000271846/product/b_af29430110a9479f8fb11f7286e022a4_grande.png]
[product.hstatic.net/1000271846/product/a_a8dce5ffd9a842278f78f449ec0ee085_medium.png]
[product.hstatic.net/1000271846/product/a_a8dce5ffd9a842278f78f449ec0ee085_large.png]
[product.hstatic.net/1000271846/product/a_a8dce5ffd9a842278f78f449ec0ee085_grande.png]
[product.hstatic.net/1000271846/product/b_7dfe4e116c5c4ad2866c061c8d00e127_medium.png]
[product.hstatic.net/1000271846/product/b_7dfe4e116c5c4ad2866c061c8d00e127_large.png]
[product.hstatic.net/1000271846/product/b_7dfe4e116c5c4ad2866c061c8d00e127_grande.png]
[product.hstatic.net/1000271846/product/a_ccb4e061b8b549e890c6798b68e46f66_medium.png]
[product.hstatic.net/1000271846/product/a_ccb4e061b8b549e890c6798b68e46f66_large.png]
[product.hstatic.net/1000271846/product/a_ccb4e061b8b549e890c6798b68e46f66_grande.png]
[product.hstatic.net/1000271846/product/b_4ec572ffa84241a7bb865b5aaee2da55_medium.png]
[product.hstatic.net/1000271846/product/b_4ec572ffa84241a7bb865b5aaee2da55_large.png]
[product.hstatic.net/1000271846/product/b_4ec572ffa84241a7bb865b5aaee2da55_grande.png]
[www.zoe-vn.com/collections/allfdb0.html]
[product.hstatic.net/1000271846/product/a_bc07dc06a7d34ad4bd17687444d2a1b1_medium.png]
